03-11-2022 09:19:24.936 [main] INFO  c.w.demo.LogbackDemoApplication.logStarting - Starting LogbackDemoApplication using Java 17.0.2 on LAPTOP-1INSH2OR with PID 3516 (C:\DEV\logback-demo\target\classes started by LENOVO in C:\DEV\logback-demo)
03-11-2022 09:19:24.941 [main] INFO  c.w.demo.LogbackDemoApplication.logStartupProfileInfo - No active profile set, falling back to 1 default profile: "default"
03-11-2022 09:19:26.342 [main] INFO  o.s.b.w.e.tomcat.TomcatWebServer.initialize - Tomcat initialized with port(s): 8080 (http)
03-11-2022 09:19:26.360 [main] INFO  o.a.catalina.core.StandardService.log - Starting service [Tomcat]
03-11-2022 09:19:26.362 [main] INFO  o.a.catalina.core.StandardEngine.log - Starting Servlet engine: [Apache Tomcat/9.0.68]
03-11-2022 09:19:26.573 [main] INFO  o.a.c.c.C.[Tomcat].[localhost].[/].log - Initializing Spring embedded WebApplicationContext
03-11-2022 09:19:26.574 [main] INFO  o.s.b.w.s.c.ServletWebServerApplicationContext.prepareWebApplicationContext - Root WebApplicationContext: initialization completed in 1562 ms
03-11-2022 09:19:27.106 [main] INFO  o.s.b.w.e.tomcat.TomcatWebServer.start - Tomcat started on port(s): 8080 (http) with context path ''
03-11-2022 09:19:27.118 [main] INFO  c.w.demo.LogbackDemoApplication.logStarted - Started LogbackDemoApplication in 2.816 seconds (JVM running for 3.485)
03-11-2022 09:19:34.795 [http-nio-8080-exec-1] INFO  o.a.c.c.C.[Tomcat].[localhost].[/].log - Initializing Spring DispatcherServlet 'dispatcherServlet'
03-11-2022 09:19:34.797 [http-nio-8080-exec-1] INFO  o.s.web.servlet.DispatcherServlet.initServletBean - Initializing Servlet 'dispatcherServlet'
03-11-2022 09:19:34.799 [http-nio-8080-exec-1] INFO  o.s.web.servlet.DispatcherServlet.initServletBean - Completed initialization in 2 ms
03-11-2022 09:19:34.842 [http-nio-8080-exec-1] INFO  c.w.demo.controller.Resources.hello - Hello from resources.
03-11-2022 09:19:34.847 [http-nio-8080-exec-1] INFO  c.w.demo.service.MessageService.getMessage - Hello from service.
03-11-2022 09:19:34.848 [http-nio-8080-exec-1] INFO  com.waiyanhtet.demo.repo.MessageRepo.save - Hello from message repo.
03-11-2022 09:49:41.352 [main] INFO  c.w.demo.LogbackDemoApplication.logStarting - Starting LogbackDemoApplication using Java 17.0.2 on LAPTOP-1INSH2OR with PID 15828 (C:\DEV\logback-demo\target\classes started by LENOVO in C:\DEV\logback-demo)
03-11-2022 09:49:41.357 [main] INFO  c.w.demo.LogbackDemoApplication.logStartupProfileInfo - No active profile set, falling back to 1 default profile: "default"
03-11-2022 09:49:42.860 [main] INFO  o.s.b.w.e.tomcat.TomcatWebServer.initialize - Tomcat initialized with port(s): 8080 (http)
03-11-2022 09:49:42.880 [main] INFO  o.a.catalina.core.StandardService.log - Starting service [Tomcat]
03-11-2022 09:49:42.881 [main] INFO  o.a.catalina.core.StandardEngine.log - Starting Servlet engine: [Apache Tomcat/9.0.68]
03-11-2022 09:49:43.098 [main] INFO  o.a.c.c.C.[Tomcat].[localhost].[/].log - Initializing Spring embedded WebApplicationContext
03-11-2022 09:49:43.100 [main] INFO  o.s.b.w.s.c.ServletWebServerApplicationContext.prepareWebApplicationContext - Root WebApplicationContext: initialization completed in 1681 ms
03-11-2022 09:49:43.609 [main] INFO  o.s.b.w.e.tomcat.TomcatWebServer.start - Tomcat started on port(s): 8080 (http) with context path ''
03-11-2022 09:49:43.624 [main] INFO  c.w.demo.LogbackDemoApplication.logStarted - Started LogbackDemoApplication in 2.886 seconds (JVM running for 3.49)
